['1856', '1865', '1875', '1883', '1897', '1903', '1911', '1924', '1936', '1945', '1957', '1965', '1972', '1983']
time: 2017-12-07 09:03:33.677337, epochs: 10, learning rate: 0.0005, training size: 30000, test size: 5000, batch size=32
_________________________________________________________________
Layer (type)                 Output Shape              Param #   
=================================================================
embedding_1 (Embedding)      (None, None, 200)         21825600  
_________________________________________________________________
masking_1 (Masking)          (None, None, 200)         0         
_________________________________________________________________
bidirectional_1 (Bidirection (None, 100)               100400    
_________________________________________________________________
batch_normalization_1 (Batch (None, 100)               400       
_________________________________________________________________
dense_1 (Dense)              (None, 14)                1414      
=================================================================
Total params: 21,927,814
Trainable params: 21,927,614
Non-trainable params: 200
_________________________________________________________________
None
Train on 24000 samples, validate on 6000 samples
Epoch 1/10
24000/24000 [==============================] - 700s - loss: 2.2045 - acc: 0.2405 - val_loss: 2.0184 - val_acc: 0.2758
Epoch 2/10
24000/24000 [==============================] - 785s - loss: 1.5579 - acc: 0.4923 - val_loss: 1.2952 - val_acc: 0.5837
Epoch 3/10
24000/24000 [==============================] - 876s - loss: 0.7136 - acc: 0.7850 - val_loss: 1.0227 - val_acc: 0.6857
Epoch 4/10
24000/24000 [==============================] - 1272s - loss: 0.2769 - acc: 0.9283 - val_loss: 0.9644 - val_acc: 0.7117
Epoch 5/10
24000/24000 [==============================] - 1207s - loss: 0.1255 - acc: 0.9707 - val_loss: 0.9792 - val_acc: 0.7198
Epoch 6/10
24000/24000 [==============================] - 885s - loss: 0.0697 - acc: 0.9845 - val_loss: 1.0193 - val_acc: 0.7107
Epoch 7/10
24000/24000 [==============================] - 1198s - loss: 0.0458 - acc: 0.9895 - val_loss: 1.0156 - val_acc: 0.7228
Epoch 8/10
24000/24000 [==============================] - 946s - loss: 0.0364 - acc: 0.9914 - val_loss: 1.0748 - val_acc: 0.7185
Epoch 9/10
24000/24000 [==============================] - 815s - loss: 0.0296 - acc: 0.9931 - val_loss: 1.0866 - val_acc: 0.7295
Epoch 10/10
24000/24000 [==============================] - 905s - loss: 0.0295 - acc: 0.9927 - val_loss: 1.0989 - val_acc: 0.7283
[[  4.74769658e-05   3.48663298e-06   3.94853174e-07   2.81630855e-06
    3.33156000e-04   2.51686219e-02   2.60827411e-03   8.23407609e-04
    1.06136212e-02   5.75762999e-04   4.17053513e-02   4.99128837e-05
    7.20666051e-01   1.97401688e-01]
 [  5.61783850e-07   1.56144196e-07   1.91990966e-06   9.99992728e-01
    2.05432528e-07   1.59025360e-09   3.88467043e-07   4.39662173e-09
    4.96481467e-10   3.49763741e-06   3.51372023e-07   2.08539195e-08
    1.17846845e-07   1.55282951e-08]
 [  7.80476228e-07   2.09460613e-05   9.71461986e-07   9.99940515e-01
    4.96342500e-06   2.98353946e-08   1.97675872e-05   4.13500167e-09
    4.42350157e-09   1.92810731e-07   1.13841143e-05   2.48178207e-08
    3.45028099e-07   5.01708755e-08]
 [  2.37592659e-03   2.81414902e-03   7.18126947e-04   6.07529597e-04
    1.92899513e-03   2.99574248e-02   4.83658537e-02   5.63360490e-02
    1.07737798e-02   1.28330171e-01   1.53971508e-01   1.85470387e-01
    6.59748837e-02   3.12375218e-01]
 [  1.15564944e-05   1.66882671e-07   2.65318577e-05   4.99127282e-06
    4.36066152e-08   7.20967464e-08   6.74453486e-06   2.23546044e-06
    1.68699259e-08   9.99788582e-01   2.97898133e-08   2.32413436e-06
    1.16766896e-04   3.99611308e-05]
 [  2.40607405e-04   7.19508913e-04   9.11329582e-04   9.95531678e-01
    5.21966082e-04   1.76992417e-05   1.27823115e-03   8.82127915e-06
    2.42357874e-06   1.73971028e-04   4.25459468e-04   7.48482307e-06
    1.47042912e-04   1.37564475e-05]
 [  6.21787331e-05   1.33020279e-03   9.87323463e-01   9.82621964e-03
    1.25732424e-03   2.19956692e-05   3.43637803e-05   4.18437157e-05
    6.82776363e-06   4.74189837e-05   9.97627194e-06   1.72727832e-05
    1.55434682e-05   5.43876740e-06]
 [  2.06367634e-02   8.59617144e-02   5.75530306e-02   6.14411756e-02
    1.27832163e-02   3.83584388e-03   8.26909393e-03   6.58283055e-01
    1.27893407e-03   2.48384010e-02   1.53141925e-02   3.97507697e-02
    8.13740119e-03   1.91635964e-03]
 [  7.46557316e-06   1.07274424e-07   2.41533485e-07   6.28155192e-07
    4.36193915e-07   2.36994340e-04   2.10813465e-04   5.35263052e-06
    3.70765374e-05   4.83953319e-02   2.16080502e-04   2.70894379e-04
    4.91682068e-02   9.01450276e-01]
 [  9.98848200e-01   5.68219984e-04   1.08306427e-04   4.58410250e-05
    2.78473999e-05   3.45465669e-05   3.65590531e-05   1.18468277e-04
    2.34269301e-05   1.20423312e-04   3.36660150e-06   2.25235908e-05
    2.93660523e-05   1.28186221e-05]
 [  6.02750061e-03   6.29371218e-03   4.64486219e-02   1.68481730e-02
    7.24677555e-03   7.66752986e-04   3.31811752e-04   8.70798171e-01
    4.49767947e-04   1.75812766e-02   3.49656702e-03   8.89990851e-03
    1.43002570e-02   5.10750513e-04]
 [  7.67214550e-03   4.46828228e-04   5.91458869e-04   9.89706635e-01
    9.03535474e-05   1.05656309e-05   1.26683095e-04   4.27694285e-05
    5.22314940e-06   9.64609790e-04   2.22417191e-04   3.82261496e-05
    6.43055027e-05   1.76482481e-05]
 [  6.24080883e-07   1.10173892e-06   1.26638060e-05   1.94678046e-06
    5.37531513e-08   2.07209018e-06   1.00117484e-06   6.36813566e-05
    6.64335360e-08   2.24237054e-04   9.12285429e-07   9.99677181e-01
    1.40112260e-08   1.43591315e-05]
 [  8.80502909e-03   1.02795772e-02   7.64688551e-02   7.50165619e-03
    3.16740479e-03   1.02498033e-03   5.30257123e-04   8.58031690e-01
    8.31350859e-04   6.60859747e-03   3.07503506e-03   1.87561270e-02
    4.20087436e-03   7.18545110e-04]
 [  3.48204485e-04   7.35165970e-03   9.78276074e-01   1.12559693e-02
    8.85281697e-05   2.96940561e-05   2.50994417e-05   1.18093798e-03
    2.66326992e-06   1.09594948e-04   4.53253379e-05   1.19572773e-03
    7.13226036e-05   1.91791096e-05]
 [  1.62790855e-06   5.91124772e-05   9.99772251e-01   8.91233794e-05
    6.71919697e-05   3.49537595e-06   1.07238611e-06   5.16741466e-07
    1.84014641e-06   1.38919540e-06   1.41720903e-07   1.63960033e-06
    7.10577481e-08   5.27167515e-07]
 [  9.51324478e-02   2.44852044e-02   7.70245120e-02   7.33121455e-01
    6.96194032e-03   1.97759364e-03   9.79512185e-03   1.57273244e-02
    4.32386762e-04   2.13844031e-02   4.23740502e-03   2.21281638e-03
    6.14898140e-03   1.35829719e-03]
 [  1.65307766e-03   1.67382658e-02   1.49973370e-02   6.49198964e-02
    1.12473564e-02   5.46843839e-05   9.43597639e-04   7.10034668e-01
    7.91986065e-04   5.88208088e-04   4.82278148e-04   1.71908751e-01
    5.20383287e-03   4.36045375e-04]
 [  4.07014489e-01   1.71140552e-01   3.03194243e-02   7.09642246e-02
    5.27746864e-02   3.44400248e-03   1.93238314e-02   1.23051167e-01
    8.32173973e-03   2.10802313e-02   4.81215352e-03   7.56745338e-02
    5.24713425e-03   6.83177309e-03]
 [  3.26596734e-07   1.60478137e-07   5.77397145e-07   6.82824407e-07
    1.18545337e-07   4.46107333e-05   3.91350432e-06   3.78080858e-06
    2.08847655e-06   4.00239252e-04   7.25296268e-04   9.10874367e-01
    2.14876454e-05   8.79224092e-02]
 [  5.46165884e-01   1.10223755e-01   1.34685114e-02   5.89985847e-02
    5.16153350e-02   4.60868329e-03   1.84567124e-02   1.06839374e-01
    9.28042363e-03   1.25938235e-02   3.96514731e-03   4.53549773e-02
    9.64702666e-03   8.78177863e-03]
 [  6.06648345e-03   2.63016839e-02   9.12121013e-02   8.06314945e-02
    8.76067579e-02   1.22891180e-03   3.28320567e-03   4.19444144e-01
    4.02722595e-04   8.87684673e-02   1.21782674e-02   3.94631503e-03
    1.77177757e-01   1.75169192e-03]
 [  3.57465236e-04   2.84069389e-01   3.52698385e-06   8.90787244e-02
    2.31423989e-01   1.92094769e-03   3.34174275e-01   1.36650942e-05
    3.52698582e-04   3.76469825e-06   5.76978624e-02   3.91992131e-07
    8.82570923e-04   2.06846453e-05]
 [  1.12761575e-06   6.15122701e-07   2.08117435e-05   9.06774039e-06
    7.50741123e-08   2.82369047e-06   1.15115836e-06   7.96311142e-05
    2.36512179e-07   3.54354415e-04   4.49714571e-05   9.98883784e-01
    2.38811790e-05   5.77453000e-04]
 [  2.35436141e-06   7.28718277e-08   7.62271313e-08   3.78246824e-07
    1.26321788e-06   8.10363039e-04   7.73219872e-05   8.77560524e-06
    2.02628507e-04   8.91869597e-04   1.35912187e-02   1.32191018e-03
    1.87633693e-01   7.95458078e-01]
 [  2.74314553e-01   2.43196567e-03   1.52890263e-02   4.87975836e-01
    7.19585922e-04   4.59048664e-04   4.09310916e-03   8.19150475e-04
    1.34188551e-04   1.80007264e-01   2.82057910e-03   2.43085660e-02
    4.83489456e-03   1.79238117e-03]
 [  6.13696500e-07   5.10052851e-05   9.99735773e-01   1.08124514e-04
    9.89324471e-05   1.89303501e-06   5.88204841e-07   1.73374801e-07
    1.72027308e-06   4.12468012e-07   5.16805656e-08   4.41142930e-07
    3.04842374e-08   1.84743698e-07]
 [  3.07487098e-05   1.54939175e-06   3.09228426e-06   3.07170399e-06
    7.85377779e-07   3.32497410e-04   6.15773490e-04   7.06210340e-05
    4.97746114e-05   5.85952759e-01   2.47844058e-04   1.94095708e-02
    4.43515554e-03   3.88846785e-01]
 [  1.09271239e-03   6.52553737e-02   1.83619244e-03   2.85658799e-02
    7.90465951e-01   4.04312648e-03   6.72174022e-02   9.55434144e-03
    6.27018744e-04   1.25990045e-04   1.32705439e-02   2.46571035e-05
    1.78303700e-02   9.04167973e-05]
 [  2.22168048e-04   1.78210084e-05   1.42081872e-05   2.70919209e-05
    1.24354404e-03   4.66078753e-03   6.04397035e-04   9.58750956e-03
    2.43139849e-03   6.40783133e-03   4.61246818e-03   2.80663971e-05
    9.38922644e-01   3.12200002e-02]
 [  1.54881051e-03   7.63906538e-01   7.29927706e-05   2.02343777e-01
    1.53152049e-02   1.54176538e-04   4.70271986e-03   2.91074219e-04
    1.16184936e-04   8.55157778e-05   1.12044904e-02   1.56704773e-05
    2.30295103e-04   1.25951256e-05]
 [  1.19062395e-04   7.88542151e-04   3.17205850e-04   7.90934195e-04
    2.06376929e-02   4.53684712e-03   5.15767642e-05   6.16941750e-01
    1.05515784e-02   9.36126798e-06   3.25430542e-01   3.92546004e-04
    1.92941166e-02   1.38378746e-04]
 [  4.63654753e-04   5.09225611e-05   2.88904132e-03   8.57772492e-03
    1.34007769e-05   6.10473144e-05   3.47427500e-04   1.23162125e-03
    4.63215656e-06   5.15876293e-01   2.17746172e-04   4.52549219e-01
    3.46309901e-03   1.42541453e-02]
 [  1.37967743e-06   5.23124945e-05   9.99837041e-01   6.15436147e-05
    4.23691235e-05   1.76335243e-06   5.71406019e-07   5.43771932e-07
    7.07937147e-07   7.37806033e-07   7.51755778e-08   6.02459465e-07
    6.89212030e-08   1.76957627e-07]
 [  6.28517882e-05   8.50728910e-08   2.07964733e-01   7.91934013e-01
    3.69016284e-08   3.15401643e-08   1.47260562e-06   6.21223819e-07
    2.51145700e-08   1.48921636e-05   2.58556213e-07   2.04946809e-05
    3.57728851e-07   1.03924201e-07]
 [  8.84669689e-08   3.36854633e-08   1.65808114e-08   3.82677285e-08
    1.76259107e-06   1.01867458e-03   8.92257322e-06   2.67283951e-07
    1.87471869e-05   7.55904011e-06   3.26285153e-05   1.69429477e-04
    3.42183489e-06   9.98738348e-01]
 [  5.22057235e-06   5.06148026e-05   7.94911870e-08   1.76708319e-08
    9.81749654e-01   8.69478378e-03   9.07103531e-03   1.48640233e-04
    1.89087266e-04   7.63395235e-07   6.07833854e-08   9.45836048e-11
    9.00221203e-05   4.47986453e-10]
 [  3.20149423e-03   8.38228501e-04   7.01456740e-02   8.24276209e-01
    4.61522082e-04   8.79536019e-05   1.74663425e-03   1.67262752e-03
    1.98995258e-05   8.59401375e-02   1.07781915e-03   2.79197469e-03
    6.98875915e-03   7.51083309e-04]
 [  1.12136840e-04   7.30097014e-03   9.83762741e-01   3.26036033e-03
    4.98949317e-03   8.97800855e-05   1.01479607e-04   2.38223991e-04
    6.40011640e-05   3.20175423e-05   1.33183376e-05   1.83329867e-05
    1.11158179e-05   5.94785433e-06]
 [  5.71848453e-08   1.41441831e-07   1.56180442e-06   1.92228100e-07
    6.97351288e-09   1.44881460e-06   4.23537728e-07   3.89295337e-06
    2.85260615e-08   6.82436848e-06   3.12996917e-07   9.99950647e-01
    1.66162295e-09   3.43909414e-05]
 [  2.54311162e-04   1.33087342e-05   6.50576658e-06   3.59355363e-05
    5.26542659e-04   1.75091333e-03   6.36013923e-03   8.50364624e-04
    4.49287414e-04   9.87717733e-02   5.58801054e-04   4.28898284e-06
    8.48873436e-01   4.15444411e-02]
 [  6.74473813e-06   3.17390682e-03   2.80619645e-07   5.19044518e-01
    2.77820230e-03   1.08910936e-04   5.63375540e-02   1.13799814e-07
    2.62965932e-05   8.67117507e-08   4.18442041e-01   3.57156125e-07
    6.67436907e-05   1.41809842e-05]
 [  2.86404580e-01   3.74944806e-01   5.28055020e-02   2.48300597e-01
    4.18435317e-03   1.50350330e-03   4.38672723e-03   5.89384558e-03
    4.52002365e-04   3.59449210e-03   1.00112390e-02   5.83300972e-03
    1.18344917e-03   5.01936651e-04]
 [  7.64031603e-04   4.71789499e-05   9.98081565e-01   8.61735665e-04
    3.89515253e-06   1.42952404e-05   1.60572345e-05   4.22241246e-05
    8.37418895e-07   9.45522552e-05   3.51625636e-06   5.99633786e-05
    4.51218193e-06   5.59198725e-06]
 [  9.99998450e-01   1.04259516e-06   1.09672001e-07   1.53432381e-07
    4.82424278e-09   2.11909281e-08   1.53102846e-08   2.91633562e-08
    1.42458694e-08   1.29346517e-07   1.99665373e-09   9.14115894e-09
    2.66700777e-08   5.71769698e-09]
 [  4.36914779e-05   2.19725439e-06   8.28816963e-04   3.99530167e-03
    1.73847798e-06   3.08570463e-07   5.62128662e-06   1.46132428e-04
    3.77644476e-08   9.93359983e-01   1.00989541e-06   1.56281842e-03
    3.77769684e-05   1.45774502e-05]
 [  1.05076004e-03   2.72497011e-04   2.19127440e-04   7.20583834e-03
    3.72990151e-04   3.62419570e-03   1.40509708e-02   9.41169681e-04
    9.56528937e-04   1.97955817e-01   8.18624273e-02   2.36858148e-02
    2.15129629e-01   4.52672303e-01]
 [  2.52109254e-03   8.43780799e-05   9.57713306e-01   2.29495633e-02
    4.97824512e-05   1.51594024e-04   2.38498600e-04   8.92638345e-04
    1.57113627e-05   1.03478064e-03   1.87202560e-04   1.15605481e-02
    1.15856563e-03   1.44231762e-03]
 [  1.84674627e-06   4.44458885e-04   1.02880322e-05   9.99522567e-01
    8.94700224e-06   3.56648577e-08   6.17143314e-06   3.25676872e-08
    7.41793649e-09   1.63463625e-07   4.32940169e-06   1.02785975e-07
    1.03898708e-06   4.20413500e-08]
 [  3.92424146e-04   1.22815894e-03   6.06428774e-04   9.97169673e-01
    7.57657981e-05   4.55226836e-06   2.12347222e-04   9.73585793e-06
    1.15716057e-06   6.48233545e-05   1.78672635e-04   2.87075291e-05
    2.10373964e-05   6.68877919e-06]
 [  1.52351451e-03   8.76400518e-05   1.40859338e-03   5.02955727e-03
    2.54301722e-05   5.88174917e-05   4.38743504e-04   1.05589617e-03
    1.22599085e-05   9.62825239e-01   2.34299325e-04   2.02968456e-02
    2.43418617e-03   4.56900755e-03]
 [  1.46806087e-05   2.76458450e-05   9.18947080e-07   9.78935830e-08
    9.24499989e-01   3.29808034e-02   3.72397639e-02   5.89013565e-04
    6.27934875e-04   2.06146615e-06   1.99220221e-06   1.84634219e-09
    4.01496561e-03   8.79405846e-08]
 [  1.70618790e-04   6.81063309e-02   3.65860295e-04   9.29345608e-01
    1.25612738e-03   8.48621221e-06   4.00676508e-04   8.99703900e-06
    2.18069977e-06   6.21014397e-06   2.81321874e-04   3.41453551e-06
    4.18806922e-05   2.31280205e-06]
 [  9.99884605e-01   1.68397185e-06   9.93823846e-07   4.70223677e-06
    6.17413605e-07   4.62606477e-06   2.15504087e-06   1.02326601e-06
    1.51614211e-06   9.12242467e-05   1.25552944e-07   3.67553241e-07
    5.47543823e-06   9.99515464e-07]
 [  3.94354621e-03   2.68603006e-04   2.47885298e-04   6.67116314e-04
    1.39403704e-03   2.71909609e-02   7.11012119e-03   1.52974250e-02
    8.20574537e-03   4.56860587e-02   1.71868689e-02   7.31779309e-03
    3.65496725e-01   4.99987185e-01]
 [  3.10957837e-08   3.25976117e-08   1.66570842e-07   8.41985326e-08
    5.06063458e-09   2.22638437e-06   5.16546436e-07   6.63226501e-07
    9.66521796e-08   7.51624393e-05   2.15165401e-05   9.96730685e-01
    2.19664372e-07   3.16853076e-03]
 [  3.25836171e-03   3.72775458e-03   1.97942983e-02   2.52580762e-01
    1.35405350e-03   2.11444893e-03   5.12469513e-03   8.75111017e-03
    4.93072381e-04   6.38774782e-02   3.56325135e-02   5.50273776e-01
    5.29894279e-03   4.77187522e-02]
 [  9.99983907e-01   1.02597241e-05   1.67227483e-06   1.64918822e-06
    6.66596947e-08   1.42565568e-07   2.45048597e-07   3.09721429e-07
    9.21082730e-08   1.03262732e-06   2.16356213e-08   8.73781829e-08
    4.70034735e-07   6.44871534e-08]
 [  5.59702963e-02   1.74455360e-01   6.98892027e-02   5.27869582e-01
    1.91993024e-02   2.87664239e-03   2.35767365e-02   7.36441836e-02
    6.02792192e-04   2.90609840e-02   7.80958682e-03   6.74059475e-03
    6.50127092e-03   1.80347578e-03]
 [  1.50870094e-02   1.16840132e-01   3.52390587e-01   1.23005815e-01
    2.24908697e-03   1.09810219e-03   2.61190650e-03   4.00505327e-02
    2.51920836e-04   1.33256726e-02   1.02056609e-02   3.07349831e-01
    5.92561672e-03   9.60813370e-03]
 [  6.00639172e-02   6.49002865e-02   6.32895231e-02   3.08007210e-01
    1.36775626e-02   1.98342260e-02   3.54514048e-02   9.43191573e-02
    5.60446875e-03   4.97240834e-02   8.05033371e-02   1.32258788e-01
    2.91719530e-02   4.31939811e-02]
 [  6.00903093e-07   8.14669079e-08   4.58342981e-07   3.07216851e-06
    4.76324340e-06   2.58501037e-04   7.42173052e-06   5.81789038e-07
    2.54413499e-06   3.15910474e-05   2.48391716e-05   8.34564620e-04
    2.64568516e-05   9.98804569e-01]
 [  4.59447037e-05   9.96987522e-01   7.42792763e-05   1.36317965e-03
    1.09900946e-04   1.19423487e-06   3.24745906e-06   1.35078467e-03
    1.43160526e-06   2.27635337e-06   1.13061797e-05   3.42689564e-05
    1.39698323e-05   6.64406002e-07]
 [  2.95489713e-07   8.86832663e-10   2.30459346e-10   1.16972476e-08
    2.91600742e-07   3.58793797e-04   3.62892970e-05   2.33532788e-07
    5.01607756e-05   9.25969434e-05   3.86904230e-06   1.73200192e-08
    4.47338708e-02   9.54723597e-01]
 [  9.99911785e-01   1.90320861e-05   2.69144384e-05   9.47057106e-06
    4.88056116e-07   1.83395389e-06   2.07387529e-06   1.61222420e-06
    7.35243873e-07   2.06084424e-05   2.31094319e-07   1.05169784e-06
    3.34888045e-06   8.20226148e-07]
 [  1.62467938e-02   1.72292680e-01   4.15299714e-01   2.64685061e-02
    4.06346843e-02   6.94671459e-03   1.64281540e-02   2.72215486e-01
    2.00340594e-03   1.02635166e-02   4.98899352e-03   1.15034599e-02
    2.95219873e-03   1.75570440e-03]
 [  9.99981403e-01   3.73426838e-06   1.36921926e-06   1.79595384e-06
    1.88140675e-07   8.73573470e-07   4.45117735e-07   9.44893316e-07
    5.01925740e-07   7.25960808e-06   4.21700541e-08   2.29389116e-07
    8.41647136e-07   3.06576510e-07]
 [  7.88956750e-05   8.97136147e-07   1.09276925e-06   4.71250269e-06
    2.96530798e-05   4.76090750e-03   2.63114041e-03   8.08307450e-05
    5.06593206e-04   1.46961987e-01   9.19757513e-05   2.78454136e-05
    7.68618509e-02   7.67961681e-01]
 [  1.46840070e-03   7.91119062e-04   8.55070114e-01   1.37873575e-01
    6.11538126e-05   2.62778067e-05   1.11917114e-04   8.17580032e-04
    4.94904589e-06   1.33394054e-03   1.00338788e-04   2.13596341e-03
    1.56094291e-04   4.85411692e-05]
 [  6.02669199e-04   3.37529415e-03   7.24246900e-04   1.69305946e-04
    2.45904480e-03   3.83447536e-04   1.30254964e-04   9.87701833e-01
    7.84464413e-04   2.04609911e-04   2.27200426e-03   4.60989133e-04
    6.78842654e-04   5.30456346e-05]
 [  9.99994636e-01   1.55523662e-06   3.34973123e-07   3.34835136e-07
    5.56380364e-08   3.89525439e-07   2.26500717e-07   1.22723776e-07
    1.31368395e-07   1.49979576e-06   1.14229950e-08   2.64307491e-08
    6.53082395e-07   8.83577016e-08]
 [  9.99889851e-01   1.20247205e-05   1.61912556e-06   3.57224453e-05
    1.06009895e-06   8.10342135e-06   2.82076076e-06   1.16563081e-06
    1.39431927e-06   3.63654326e-05   1.59280307e-06   1.97292275e-06
    5.22965775e-06   1.00424450e-06]
 [  1.53770583e-04   6.76639960e-04   1.35652372e-04   2.23114075e-05
    3.31704947e-03   3.16202664e-03   4.85219207e-04   9.50439036e-01
    4.36123973e-03   4.10503271e-04   2.52921898e-02   2.10161647e-03
    9.23197903e-03   2.10725979e-04]
 [  7.85065567e-05   1.18550123e-03   1.41338081e-04   9.94794428e-01
    3.47225636e-04   1.46460243e-05   2.73055490e-03   1.27827082e-06
    1.55870805e-06   2.15836844e-05   6.25963788e-04   5.66326889e-06
    3.66437234e-05   1.50492569e-05]
 [  7.39902462e-05   3.11576077e-05   4.20640921e-04   4.90396330e-03
    2.30649224e-04   9.56631440e-04   1.87009471e-04   6.22305262e-04
    3.44701439e-05   6.17584912e-04   1.00074045e-03   1.46704763e-01
    6.96010329e-03   8.37256014e-01]
 [  8.86819544e-05   2.19332706e-03   6.15918862e-06   1.66357424e-07
    5.92356222e-03   1.95813389e-03   9.89655733e-01   1.90829860e-06
    7.01195222e-06   1.42709632e-06   4.92970321e-05   8.96358721e-09
    1.14279050e-04   3.26510644e-07]
 [  9.99964595e-01   7.45809393e-06   3.13800047e-06   5.10775453e-06
    2.58642217e-07   6.11707435e-07   8.32365686e-07   1.02240176e-06
    3.20165782e-07   1.42123536e-05   8.02602855e-08   7.12705287e-07
    1.47081437e-06   1.96367779e-07]
 [  1.20743675e-06   4.89217289e-09   1.36818672e-08   3.11130691e-07
    3.93859909e-06   8.21910158e-04   6.19214261e-05   4.01436637e-06
    3.86827160e-05   1.48008243e-04   9.77714080e-07   3.97716633e-08
    1.37326628e-01   8.61592352e-01]
 [  9.99999762e-01   1.86563938e-07   8.62234373e-09   2.57821018e-08
    3.10115683e-10   2.37400211e-09   1.74770376e-09   7.53544172e-10
    7.86448739e-10   1.29979751e-08   3.03162495e-10   7.02921887e-10
    3.54346552e-09   3.13199633e-10]
 [  2.28911685e-03   2.66608060e-03   3.81221785e-03   9.50628579e-01
    1.37864053e-03   2.25401745e-04   6.50066789e-03   5.68621734e-04
    4.20219076e-05   2.38572732e-02   3.13238939e-03   9.47398366e-04
    2.74022995e-03   1.21138105e-03]
 [  4.20186581e-04   1.90997729e-03   6.81253587e-05   1.00851329e-02
    1.01175150e-02   1.97346807e-02   2.68065482e-02   4.55753459e-03
    1.21408384e-02   7.32963148e-04   8.48603249e-01   1.66319823e-03
    4.48177010e-02   1.83423143e-02]
 [  9.99782264e-01   8.41195924e-06   7.25443942e-06   1.70797808e-04
    2.23319518e-07   1.76439460e-06   9.79528636e-07   5.68001383e-07
    3.81285361e-07   2.41825019e-05   6.75730064e-07   8.36294532e-07
    8.45201669e-07   7.89335957e-07]
 [  9.99925137e-01   1.94419154e-05   1.81884388e-06   1.12055141e-05
    2.47262278e-06   1.69764962e-06   1.76043284e-06   1.39936074e-05
    4.94925325e-06   1.48710651e-05   1.38004580e-07   9.68693826e-07
    1.00183206e-06   4.73300105e-07]
 [  1.39025042e-06   2.68290273e-06   6.62799357e-06   1.22381959e-06
    1.77038828e-07   4.51354317e-05   1.05730751e-05   1.31804016e-04
    6.18287277e-06   1.74210276e-04   7.85203229e-05   9.98605907e-01
    3.90471939e-07   9.35346994e-04]
 [  4.71227986e-06   8.39835153e-08   1.16247044e-07   6.50659615e-07
    1.85533952e-06   3.22806911e-04   2.91776640e-04   6.51728124e-06
    6.18621416e-05   1.00025572e-02   6.18038524e-04   3.72431787e-05
    4.89804566e-01   4.98847216e-01]
 [  5.53986647e-05   2.64237938e-03   9.67385173e-01   2.91334186e-02
    6.28265727e-04   1.91734052e-05   7.05410348e-05   1.34411321e-05
    3.80855295e-06   9.96590825e-06   1.71277461e-05   1.08635568e-05
    7.38946164e-06   3.00536931e-06]
 [  2.21465627e-04   5.49938813e-05   6.82239479e-04   1.31962966e-04
    4.79226655e-05   2.46080075e-04   3.32985364e-04   7.71004986e-03
    7.28468513e-05   8.89511645e-01   8.78723862e-04   7.57967904e-02
    1.11529427e-02   1.31593561e-02]
 [  2.78929045e-04   8.71845812e-04   1.59629015e-03   9.96548951e-01
    1.01360223e-04   5.50542063e-06   2.29146666e-04   2.77611834e-05
    1.38961809e-06   1.45727288e-04   9.63550483e-05   4.44737343e-05
    4.22747544e-05   1.00513762e-05]
 [  1.84228265e-05   1.26160085e-05   2.20764749e-04   2.05734163e-04
    8.10909000e-07   6.89476428e-06   1.72358341e-05   3.15645768e-04
    5.41979603e-07   2.66832057e-02   2.56946441e-05   9.72316384e-01
    4.37342669e-06   1.71744934e-04]
 [  1.49195868e-04   3.13978910e-01   6.84928894e-01   1.44099249e-04
    8.23818336e-05   5.08684825e-05   6.03986291e-06   5.10796090e-04
    4.91357525e-07   8.82370659e-06   5.59905357e-06   1.26479805e-04
    3.88063381e-06   3.44861814e-06]
 [  4.66712285e-03   2.04321012e-01   1.71845809e-01   2.41031900e-01
    7.10015073e-02   1.38080202e-03   1.98067189e-03   2.36208573e-01
    5.55156847e-04   4.08716034e-03   1.47225922e-02   5.39919501e-03
    4.20926809e-02   7.05848506e-04]
 [  4.24426398e-05   1.18146045e-05   2.82466586e-04   1.94272201e-04
    7.41279450e-07   1.57225622e-06   7.77209516e-06   2.54479749e-03
    1.50893186e-07   6.27997279e-01   4.42953024e-06   3.68894935e-01
    4.91143373e-06   1.23856726e-05]
 [  1.25830338e-05   8.66132450e-06   9.99969482e-01   4.06580014e-08
    7.54146527e-07   3.62903916e-06   1.01177591e-06   3.09419534e-06
    6.50384990e-08   3.15796370e-07   1.89617637e-07   9.32205850e-08
    1.00973473e-07   3.80103522e-08]
 [  9.96762037e-01   1.38400472e-03   3.91154259e-04   1.65994032e-04
    7.78972390e-05   9.26943394e-05   1.07763946e-04   3.78378521e-04
    6.01705651e-05   3.77182005e-04   1.11874551e-05   5.80448759e-05
    8.76792474e-05   4.57627357e-05]
 [  1.70136591e-05   5.55575360e-04   9.97222900e-01   1.69685006e-03
    4.28015745e-04   1.80929928e-05   1.36948438e-05   6.31358444e-06
    8.37676907e-06   1.25694805e-05   2.27681267e-06   1.31834231e-05
    1.23092900e-06   3.96863607e-06]
 [  2.10377402e-05   1.96226798e-02   1.26797968e-04   5.13267623e-05
    9.97826178e-03   1.87589787e-04   7.20260914e-06   9.54001129e-01
    1.80599315e-03   1.32671153e-06   1.37499627e-02   8.09940466e-05
    3.64216481e-04   1.51883103e-06]
 [  5.04757882e-05   2.23089478e-06   1.89813145e-03   1.21290970e-03
    1.05639515e-06   2.19201922e-07   3.54089570e-06   1.60044990e-04
    3.58089274e-08   9.95023251e-01   6.57912210e-07   1.62266544e-03
    1.88096019e-05   5.99489431e-06]
 [  9.99953032e-01   7.89429760e-06   9.06305286e-06   6.09007384e-06
    3.46711687e-07   1.59130639e-06   1.47907383e-06   1.15391038e-06
    5.59383693e-07   1.49428752e-05   1.30807251e-07   3.47782645e-07
    2.76350033e-06   4.88904504e-07]
 [  9.50749556e-04   5.93601144e-05   9.59581789e-03   1.53778821e-01
    6.21685991e-04   1.41173987e-05   1.02470054e-04   2.20956304e-03
    3.00843203e-06   8.18352103e-01   8.38518026e-05   1.53118250e-04
    1.34966876e-02   5.78685838e-04]
 [  1.31995301e-03   1.07698767e-02   9.62970674e-01   1.73040647e-02
    1.02926453e-03   5.98174120e-05   6.57054698e-05   4.50353604e-03
    8.84304973e-06   1.28210580e-03   4.99680682e-05   3.83575301e-04
    2.28736360e-04   2.40907775e-05]]
[[ 0.  0.  0.  0.  0.  0.  0.  0.  0.  0.  0.  0.  1.  0.]
 [ 0.  0.  0.  1.  0.  0.  0.  0.  0.  0.  0.  0.  0.  0.]
 [ 0.  0.  0.  1.  0.  0.  0.  0.  0.  0.  0.  0.  0.  0.]
 [ 0.  0.  0.  0.  0.  0.  0.  0.  0.  0.  0.  1.  0.  0.]
 [ 0.  0.  0.  0.  0.  0.  0.  0.  0.  0.  0.  0.  1.  0.]
 [ 0.  0.  0.  1.  0.  0.  0.  0.  0.  0.  0.  0.  0.  0.]
 [ 0.  0.  1.  0.  0.  0.  0.  0.  0.  0.  0.  0.  0.  0.]
 [ 0.  0.  0.  1.  0.  0.  0.  0.  0.  0.  0.  0.  0.  0.]
 [ 0.  0.  0.  0.  0.  0.  0.  0.  0.  0.  0.  0.  1.  0.]
 [ 1.  0.  0.  0.  0.  0.  0.  0.  0.  0.  0.  0.  0.  0.]
 [ 0.  0.  0.  0.  0.  0.  0.  1.  0.  0.  0.  0.  0.  0.]
 [ 0.  0.  0.  1.  0.  0.  0.  0.  0.  0.  0.  0.  0.  0.]
 [ 0.  0.  0.  0.  0.  0.  0.  0.  0.  0.  0.  1.  0.  0.]
 [ 0.  0.  0.  0.  0.  0.  0.  1.  0.  0.  0.  0.  0.  0.]
 [ 0.  0.  1.  0.  0.  0.  0.  0.  0.  0.  0.  0.  0.  0.]
 [ 0.  0.  1.  0.  0.  0.  0.  0.  0.  0.  0.  0.  0.  0.]
 [ 0.  0.  0.  1.  0.  0.  0.  0.  0.  0.  0.  0.  0.  0.]
 [ 0.  1.  0.  0.  0.  0.  0.  0.  0.  0.  0.  0.  0.  0.]
 [ 1.  0.  0.  0.  0.  0.  0.  0.  0.  0.  0.  0.  0.  0.]
 [ 0.  0.  0.  0.  0.  0.  0.  0.  0.  0.  0.  1.  0.  0.]
 [ 1.  0.  0.  0.  0.  0.  0.  0.  0.  0.  0.  0.  0.  0.]
 [ 0.  0.  0.  1.  0.  0.  0.  0.  0.  0.  0.  0.  0.  0.]
 [ 0.  1.  0.  0.  0.  0.  0.  0.  0.  0.  0.  0.  0.  0.]
 [ 0.  0.  0.  0.  0.  0.  0.  0.  0.  0.  0.  1.  0.  0.]
 [ 0.  0.  0.  0.  0.  0.  0.  0.  0.  0.  0.  0.  0.  1.]
 [ 1.  0.  0.  0.  0.  0.  0.  0.  0.  0.  0.  0.  0.  0.]
 [ 0.  0.  1.  0.  0.  0.  0.  0.  0.  0.  0.  0.  0.  0.]
 [ 0.  0.  0.  0.  0.  0.  0.  0.  0.  1.  0.  0.  0.  0.]
 [ 0.  0.  0.  0.  0.  0.  0.  1.  0.  0.  0.  0.  0.  0.]
 [ 0.  0.  0.  0.  0.  0.  0.  0.  0.  0.  0.  0.  1.  0.]
 [ 0.  0.  0.  0.  0.  0.  1.  0.  0.  0.  0.  0.  0.  0.]
 [ 0.  0.  0.  0.  0.  0.  0.  1.  0.  0.  0.  0.  0.  0.]
 [ 0.  0.  0.  0.  0.  0.  0.  0.  0.  1.  0.  0.  0.  0.]
 [ 0.  0.  1.  0.  0.  0.  0.  0.  0.  0.  0.  0.  0.  0.]
 [ 0.  0.  0.  1.  0.  0.  0.  0.  0.  0.  0.  0.  0.  0.]
 [ 0.  0.  0.  0.  0.  0.  0.  0.  0.  0.  0.  0.  0.  1.]
 [ 0.  0.  0.  0.  1.  0.  0.  0.  0.  0.  0.  0.  0.  0.]
 [ 0.  0.  1.  0.  0.  0.  0.  0.  0.  0.  0.  0.  0.  0.]
 [ 0.  0.  1.  0.  0.  0.  0.  0.  0.  0.  0.  0.  0.  0.]
 [ 0.  0.  0.  0.  0.  0.  0.  0.  0.  0.  0.  1.  0.  0.]
 [ 0.  0.  0.  0.  0.  0.  0.  0.  0.  1.  0.  0.  0.  0.]
 [ 0.  0.  0.  0.  0.  0.  0.  0.  0.  0.  1.  0.  0.  0.]
 [ 0.  0.  0.  1.  0.  0.  0.  0.  0.  0.  0.  0.  0.  0.]
 [ 0.  0.  1.  0.  0.  0.  0.  0.  0.  0.  0.  0.  0.  0.]
 [ 1.  0.  0.  0.  0.  0.  0.  0.  0.  0.  0.  0.  0.  0.]
 [ 0.  0.  0.  0.  0.  0.  0.  0.  0.  1.  0.  0.  0.  0.]
 [ 0.  0.  0.  0.  0.  0.  0.  0.  0.  1.  0.  0.  0.  0.]
 [ 0.  0.  0.  0.  0.  0.  0.  1.  0.  0.  0.  0.  0.  0.]
 [ 0.  0.  0.  1.  0.  0.  0.  0.  0.  0.  0.  0.  0.  0.]
 [ 0.  0.  0.  1.  0.  0.  0.  0.  0.  0.  0.  0.  0.  0.]
 [ 0.  0.  0.  0.  0.  0.  0.  0.  0.  1.  0.  0.  0.  0.]
 [ 0.  0.  0.  0.  1.  0.  0.  0.  0.  0.  0.  0.  0.  0.]
 [ 0.  0.  0.  1.  0.  0.  0.  0.  0.  0.  0.  0.  0.  0.]
 [ 1.  0.  0.  0.  0.  0.  0.  0.  0.  0.  0.  0.  0.  0.]
 [ 0.  0.  0.  0.  0.  0.  0.  0.  0.  0.  0.  0.  1.  0.]
 [ 0.  0.  0.  0.  0.  0.  0.  0.  0.  0.  0.  1.  0.  0.]
 [ 0.  0.  0.  0.  0.  0.  0.  0.  0.  0.  0.  0.  0.  1.]
 [ 1.  0.  0.  0.  0.  0.  0.  0.  0.  0.  0.  0.  0.  0.]
 [ 1.  0.  0.  0.  0.  0.  0.  0.  0.  0.  0.  0.  0.  0.]
 [ 0.  0.  1.  0.  0.  0.  0.  0.  0.  0.  0.  0.  0.  0.]
 [ 0.  0.  0.  0.  0.  0.  0.  0.  0.  0.  0.  1.  0.  0.]
 [ 0.  0.  0.  0.  0.  0.  0.  0.  0.  0.  0.  1.  0.  0.]
 [ 0.  1.  0.  0.  0.  0.  0.  0.  0.  0.  0.  0.  0.  0.]
 [ 0.  0.  0.  0.  0.  0.  0.  0.  0.  0.  0.  0.  0.  1.]
 [ 1.  0.  0.  0.  0.  0.  0.  0.  0.  0.  0.  0.  0.  0.]
 [ 0.  0.  1.  0.  0.  0.  0.  0.  0.  0.  0.  0.  0.  0.]
 [ 1.  0.  0.  0.  0.  0.  0.  0.  0.  0.  0.  0.  0.  0.]
 [ 0.  0.  0.  0.  0.  0.  0.  0.  0.  0.  0.  0.  0.  1.]
 [ 0.  0.  0.  1.  0.  0.  0.  0.  0.  0.  0.  0.  0.  0.]
 [ 0.  0.  0.  0.  0.  0.  0.  1.  0.  0.  0.  0.  0.  0.]
 [ 1.  0.  0.  0.  0.  0.  0.  0.  0.  0.  0.  0.  0.  0.]
 [ 1.  0.  0.  0.  0.  0.  0.  0.  0.  0.  0.  0.  0.  0.]
 [ 0.  0.  0.  0.  0.  0.  0.  1.  0.  0.  0.  0.  0.  0.]
 [ 0.  0.  0.  1.  0.  0.  0.  0.  0.  0.  0.  0.  0.  0.]
 [ 0.  0.  0.  0.  0.  0.  0.  1.  0.  0.  0.  0.  0.  0.]
 [ 0.  0.  0.  0.  0.  0.  1.  0.  0.  0.  0.  0.  0.  0.]
 [ 1.  0.  0.  0.  0.  0.  0.  0.  0.  0.  0.  0.  0.  0.]
 [ 0.  0.  0.  0.  0.  0.  0.  0.  0.  0.  0.  0.  0.  1.]
 [ 1.  0.  0.  0.  0.  0.  0.  0.  0.  0.  0.  0.  0.  0.]
 [ 0.  0.  0.  1.  0.  0.  0.  0.  0.  0.  0.  0.  0.  0.]
 [ 0.  0.  0.  0.  0.  0.  0.  0.  0.  0.  0.  1.  0.  0.]
 [ 1.  0.  0.  0.  0.  0.  0.  0.  0.  0.  0.  0.  0.  0.]
 [ 1.  0.  0.  0.  0.  0.  0.  0.  0.  0.  0.  0.  0.  0.]
 [ 0.  0.  0.  0.  0.  0.  0.  0.  0.  0.  0.  1.  0.  0.]
 [ 0.  0.  0.  0.  0.  0.  0.  0.  0.  0.  0.  0.  1.  0.]
 [ 0.  0.  1.  0.  0.  0.  0.  0.  0.  0.  0.  0.  0.  0.]
 [ 0.  0.  0.  0.  0.  0.  0.  0.  0.  1.  0.  0.  0.  0.]
 [ 0.  0.  0.  1.  0.  0.  0.  0.  0.  0.  0.  0.  0.  0.]
 [ 0.  0.  0.  0.  0.  0.  0.  0.  0.  0.  0.  1.  0.  0.]
 [ 0.  0.  1.  0.  0.  0.  0.  0.  0.  0.  0.  0.  0.  0.]
 [ 0.  0.  1.  0.  0.  0.  0.  0.  0.  0.  0.  0.  0.  0.]
 [ 0.  0.  0.  0.  0.  0.  0.  0.  0.  0.  0.  1.  0.  0.]
 [ 0.  0.  1.  0.  0.  0.  0.  0.  0.  0.  0.  0.  0.  0.]
 [ 1.  0.  0.  0.  0.  0.  0.  0.  0.  0.  0.  0.  0.  0.]
 [ 0.  0.  1.  0.  0.  0.  0.  0.  0.  0.  0.  0.  0.  0.]
 [ 0.  0.  0.  0.  0.  0.  0.  1.  0.  0.  0.  0.  0.  0.]
 [ 0.  0.  0.  0.  0.  0.  0.  0.  0.  1.  0.  0.  0.  0.]
 [ 1.  0.  0.  0.  0.  0.  0.  0.  0.  0.  0.  0.  0.  0.]
 [ 0.  0.  0.  0.  0.  0.  0.  0.  0.  1.  0.  0.  0.  0.]
 [ 0.  0.  1.  0.  0.  0.  0.  0.  0.  0.  0.  0.  0.  0.]]
5000/5000 [==============================] - 60s     
1.15977130804 0.7164
[12  3  3 11 12  3  2  3 12  0  7  3 11  7  2  2  3  1  0 11  0  3  1 11 13
  0  2  9  7 12  6  7  9  2  3 13  4  2  2 11  9 10  3  2  0  9  9  7  3  3
  9  4  3  0 12 11 13  0  0  2 11 11  1 13  0  2  0 13  3  7  0  0  7  3  7
  6  0 13  0  3 11  0  0 11 12  2  9  3 11  2  2 11  2  0  2  7  9  0  9  2]
[12  3  3 13  9  3  2  7 13  0  7  3 11  7  2  2  3  7  0 11  0  7  6 11 13
  3  2  9  4 12  1  7  9  2  3 13  4  3  2 11 12  3  1  2  0  9 13  2  3  3
  9  4  3  0 13 11 11  0  3  2  3 13  1 13  0  2  0 13  2  7  0  0  7  3 13
  6  0 13  0  3 10  0  0 11 13  2  9  3 11  2  3  9  2  0  2  7  9  0  9  2]
[[701  14  11  42   0   0   0  14   0  11   1   3   3   6]
 [ 15 138  11  29   3   0   4  22   0   4   0   2   1   2]
 [ 20  16 545  86   7   4   4  18   0  25   1  11   2   3]
 [ 19  13  23 539   2   1   1  26   0  31   3   7   8  15]
 [  2   5   4  11  17   1   4   9   0   0   2   1   4   2]
 [  3   0   0   1   4   5   2   4   0   3   1   0   9   6]
 [  1   5   5  10   7   1  57   5   0   4   2   1   3   4]
 [ 14  10  10  13   4   0   2 338   0  16   9  12  16   7]
 [  1   0   0   0   0   0   0   0   0   0   1   0   2   1]
 [ 16   0   4  27   2   1   0  18   0 359   7  48  26  50]
 [  0   1   2  16   0   0   0   4   0   5  77  11   8   8]
 [  3   0   6   6   0   0   0   9   0  51  14 369   6  34]
 [ 11   0   0   5   3   0   0  16   0  33   1  12 130  70]
 [  6   0   3   6   0   1   1   3   0  28   4  10  34 307]]

