 python network.py 
Using TensorFlow backend.
['1856', '1865', '1875', '1883', '1897', '1903', '1911', '1924', '1936', '1945', '1957', '1965', '1972', '1983']
Train on 8000 samples, validate on 2000 samples
Epoch 1/10
8000/8000 [==============================] - 284s - loss: 2.3697 - acc: 0.2162 - val_loss: 2.2905 - val_acc: 0.2430
Epoch 2/10
8000/8000 [==============================] - 286s - loss: 2.0663 - acc: 0.2756 - val_loss: 2.1035 - val_acc: 0.2790
Epoch 3/10
8000/8000 [==============================] - 286s - loss: 1.6478 - acc: 0.4688 - val_loss: 1.7713 - val_acc: 0.4185
Epoch 4/10
8000/8000 [==============================] - 341s - loss: 1.0937 - acc: 0.6735 - val_loss: 1.6486 - val_acc: 0.4575
Epoch 5/10
8000/8000 [==============================] - 377s - loss: 0.6721 - acc: 0.8092 - val_loss: 1.5828 - val_acc: 0.4945
Epoch 6/10
8000/8000 [==============================] - 344s - loss: 0.4039 - acc: 0.9048 - val_loss: 1.5449 - val_acc: 0.5080
Epoch 7/10
8000/8000 [==============================] - 376s - loss: 0.2348 - acc: 0.9496 - val_loss: 1.5581 - val_acc: 0.5070
Epoch 8/10
8000/8000 [==============================] - 345s - loss: 0.1469 - acc: 0.9674 - val_loss: 1.5750 - val_acc: 0.5135
Epoch 9/10
8000/8000 [==============================] - 321s - loss: 0.0999 - acc: 0.9790 - val_loss: 1.5735 - val_acc: 0.5150
Epoch 10/10
8000/8000 [==============================] - 318s - loss: 0.0728 - acc: 0.9855 - val_loss: 1.5665 - val_acc: 0.5290
[[  1.05325840e-02   8.89142305e-02   1.71219334e-02   4.20270227e-02
    2.52233762e-02   8.88027716e-03   1.13402270e-02   5.38797438e-01
    1.14396052e-03   1.22026905e-01   1.69253983e-02   6.67544082e-02
    3.52701508e-02   1.50421299e-02]
 [  9.97591376e-01   3.17455910e-04   7.37381692e-04   9.30723181e-05
    4.59682342e-05   1.31445675e-04   2.92096593e-05   3.49404203e-04
    6.48398855e-05   2.60824221e-04   3.09788265e-05   5.64079455e-05
    6.48447094e-05   2.26719989e-04]
 [  8.52572080e-03   7.49448761e-02   7.19942758e-03   1.62396114e-02
    1.11569196e-01   5.44077121e-02   3.46229337e-02   1.13473810e-01
    1.21705029e-02   4.37084474e-02   5.85959479e-02   1.74091980e-02
    3.77083331e-01   7.00492188e-02]
 [  2.83447467e-03   2.54704915e-02   3.86479846e-03   3.84156709e-03
    4.21137549e-03   5.10884169e-03   2.40868423e-03   6.70564830e-01
    3.96562304e-04   1.15806814e-02   7.46190874e-03   2.19844311e-01
    3.42667326e-02   8.14472139e-03]
 [  1.36136822e-02   1.47622943e-01   5.40067703e-02   1.94551259e-01
    2.96161175e-02   7.34641450e-03   1.25887645e-02   3.39283437e-01
    5.91265794e-04   1.23298302e-01   1.46634085e-02   2.54671797e-02
    2.00875811e-02   1.72628406e-02]
 [  3.01284660e-02   1.32979432e-04   4.50132648e-04   2.92598270e-03
    1.68043953e-05   9.41850885e-05   4.52771837e-06   2.46804353e-04
    1.54387308e-04   9.54250921e-04   6.66455962e-05   9.62931097e-01
    6.65137195e-04   1.22860842e-03]
 [  3.83163686e-03   2.36713681e-02   3.81114287e-03   3.69053776e-03
    6.29974753e-02   2.74204388e-02   5.85730514e-03   3.05540394e-03
    1.60388257e-02   3.04182200e-03   1.05151363e-01   3.61092505e-03
    4.10452373e-02   6.96776569e-01]
 [  2.81980308e-03   1.79484661e-03   8.63265898e-03   2.10715900e-03
    1.49482500e-03   1.77060219e-03   2.26475997e-04   5.11620101e-03
    1.22421957e-03   4.52508815e-02   2.46677198e-03   1.10282294e-01
    3.36606920e-01   4.80206370e-01]
 [  1.68539450e-01   9.72204208e-02   7.60814399e-02   5.30987158e-02
    5.65353967e-02   5.70852757e-02   2.76317056e-02   8.94696712e-02
    1.97323840e-02   7.17216060e-02   3.77940722e-02   4.03174050e-02
    7.55905733e-02   1.29181907e-01]
 [  2.44806078e-03   1.55012198e-02   1.40535660e-04   7.41188414e-05
    1.50774717e-01   1.89084917e-01   1.16496217e-02   1.84881300e-01
    7.27903396e-02   2.03270302e-03   1.46099359e-01   2.19032940e-04
    2.08919317e-01   1.53846918e-02]
 [  6.61339015e-02   2.64883518e-01   2.63466183e-02   7.56622776e-02
    1.51683375e-01   7.11044446e-02   9.30496231e-02   1.09605446e-01
    1.38953114e-02   1.53339580e-02   5.07335477e-02   6.65571960e-03
    2.21435204e-02   3.27687338e-02]
 [  3.58183943e-02   2.58015189e-02   6.76380634e-01   1.48487538e-01
    5.88293606e-03   2.98739201e-03   1.29858134e-02   3.83536262e-03
    1.53417652e-03   6.15871809e-02   1.37372990e-03   4.20622015e-03
    4.62939544e-03   1.44897141e-02]
 [  6.89384644e-04   1.70274451e-03   1.83561747e-03   3.68817738e-04
    1.68223307e-03   6.99429656e-04   1.47442770e-04   8.80035281e-04
    8.28616554e-04   2.26448337e-03   4.03811969e-03   7.50159565e-03
    2.23402623e-02   9.55021143e-01]
 [  1.27259754e-02   1.50512531e-01   1.31364614e-01   4.14014280e-01
    1.53412297e-02   3.03473813e-03   7.98098557e-03   1.60743564e-01
    2.49796867e-04   6.17395453e-02   7.00744009e-03   1.34665882e-02
    9.35020577e-03   1.24685848e-02]
 [  1.55188413e-02   1.71336383e-01   8.14670771e-02   3.12388718e-01
    2.03129239e-02   4.71061934e-03   1.15240039e-02   2.21275598e-01
    3.61803657e-04   9.30071175e-02   1.15744574e-02   2.37848349e-02
    1.60855111e-02   1.66519936e-02]
 [  3.79700214e-03   3.20768282e-02   5.53469872e-03   1.67843904e-02
    3.41880247e-02   3.39985788e-02   1.44315027e-02   6.63589239e-02
    4.05909633e-03   1.82478040e-01   4.27486226e-02   1.30037189e-01
    2.36537516e-01   1.96969613e-01]
 [  7.77731478e-01   1.97091885e-02   1.03073068e-01   2.22375970e-02
    2.87909992e-03   5.25839301e-03   1.93123077e-03   9.42629203e-03
    3.04196356e-03   1.47345206e-02   1.85712881e-03   8.84376373e-03
    5.38957259e-03   2.38866564e-02]
 [  1.23282224e-02   1.34412378e-01   5.53285666e-02   3.27059805e-01
    2.17782799e-02   4.98028612e-03   1.14797782e-02   2.90291160e-01
    3.48740024e-04   8.46123844e-02   1.07906545e-02   1.96466893e-02
    1.26361717e-02   1.43068815e-02]
 [  2.08333135e-04   2.65192299e-04   9.93514776e-01   2.98658316e-03
    8.27954136e-05   6.76590280e-05   2.11127990e-05   2.26204298e-04
    5.85883608e-05   3.43080581e-04   1.54164532e-04   3.21020139e-04
    5.38324530e-04   1.21211016e-03]
 [  7.25414185e-03   1.36940241e-01   8.57183058e-03   2.30736304e-02
    3.71154100e-02   1.83509402e-02   3.50443833e-02   5.45164883e-01
    3.04543460e-03   1.60411708e-02   4.89132926e-02   5.14814295e-02
    4.66243774e-02   2.23788191e-02]
 [  3.55884293e-03   4.53001224e-02   1.52897790e-01   5.36769986e-01
    2.15179147e-03   3.73520743e-04   1.21162424e-03   2.21560583e-01
    2.22903636e-05   2.60691755e-02   9.88790416e-04   4.81740804e-03
    1.92131428e-03   2.35679746e-03]
 [  1.25325806e-02   5.75119704e-02   8.50359052e-02   2.34239101e-01
    1.45314215e-02   4.19590063e-03   4.04535886e-03   1.46788225e-01
    3.16241756e-04   3.86431873e-01   6.53413916e-03   1.84920281e-02
    1.08780842e-02   1.84671693e-02]
 [  2.56952047e-02   1.84515417e-01   6.30930141e-02   1.94560796e-01
    4.76326533e-02   1.23829655e-02   2.00288780e-02   2.88648546e-01
    1.17485109e-03   7.98538923e-02   2.06297431e-02   1.71582289e-02
    1.89907253e-02   2.56350096e-02]
 [  9.79375303e-01   1.36661867e-03   5.58183668e-03   2.38067633e-03
    1.73112261e-03   3.75419646e-03   5.73149067e-04   8.39527871e-04
    1.01712241e-03   9.85852792e-04   2.50709272e-04   5.42088528e-04
    2.99226725e-04   1.30254193e-03]
 [  3.29045951e-02   2.15365365e-02   1.18236737e-02   1.18840495e-02
    1.78371612e-02   1.51477456e-02   3.54607659e-03   4.07330841e-02
    1.02418782e-02   2.05278043e-02   2.52677165e-02   1.99845791e-01
    1.07625388e-01   4.81078506e-01]
 [  3.33758704e-02   2.25506872e-02   3.48661505e-02   7.85725951e-01
    2.65048374e-03   1.97115750e-03   4.01364220e-03   3.53192445e-03
    1.33029174e-03   3.62665690e-02   2.19636131e-03   4.46847491e-02
    5.79192769e-03   2.10442729e-02]
 [  1.31197525e-02   1.23657376e-01   5.59620000e-02   1.62284076e-01
    1.77767798e-02   5.18021220e-03   7.38579780e-03   3.86950701e-01
    3.56680714e-04   1.36607677e-01   9.97045450e-03   4.09395173e-02
    2.27032341e-02   1.71057507e-02]
 [  2.15288419e-02   1.39128953e-01   5.55112474e-02   2.22735777e-01
    4.63457219e-02   1.57050155e-02   3.07583641e-02   1.67983368e-01
    3.08820372e-03   1.09713666e-01   3.98741886e-02   4.78964075e-02
    4.81679328e-02   5.15623912e-02]
 [  1.05438866e-02   8.29428509e-02   5.39660221e-03   9.71912406e-03
    1.09684579e-01   8.74372497e-02   4.45140302e-02   6.54371008e-02
    2.52819899e-02   1.25425225e-02   6.98694661e-02   2.36477759e-02
    3.89524102e-01   6.34587258e-02]
 [  1.66400336e-02   4.72894385e-02   1.10051110e-02   2.68263072e-02
    3.21940392e-01   9.77933481e-02   6.04440235e-02   6.03600359e-03
    2.96108741e-02   4.87586707e-02   7.31197372e-02   1.51522295e-03
    9.55932215e-02   1.63427636e-01]
 [  1.21532427e-03   1.43114943e-02   8.39685265e-04   6.32351544e-03
    4.68500564e-03   7.81737268e-04   1.04984234e-03   9.56114471e-01
    4.75732013e-05   8.94490629e-03   1.55426993e-03   1.73628714e-03
    1.48449920e-03   9.11404146e-04]
 [  5.87061862e-04   5.02302498e-03   6.92088455e-02   9.10537899e-01
    5.21803158e-04   1.03236707e-04   4.79225419e-04   5.51119773e-03
    9.33058618e-06   6.19110791e-03   2.60659697e-04   7.96524400e-04
    2.33984974e-04   5.36070671e-04]
 [  2.13791188e-02   3.84184927e-01   4.16145809e-02   1.33907840e-01
    5.15894890e-02   1.44268218e-02   3.55749689e-02   2.00192899e-01
    1.82566070e-03   3.35284323e-02   2.64110770e-02   1.53581537e-02
    1.97412577e-02   2.02647634e-02]
 [  3.11138202e-03   4.72714044e-02   1.91886595e-03   4.32250585e-04
    2.35620458e-02   2.72188743e-04   4.35318286e-03   9.00206566e-01
    8.81617889e-03   3.02357977e-04   3.92181741e-04   4.06450999e-04
    2.53408821e-03   6.42089592e-03]
 [  9.96273756e-01   2.78597116e-04   9.30002891e-04   1.41204189e-04
    1.71503547e-04   3.04822810e-04   1.09226581e-04   5.56647952e-04
    2.68441887e-04   3.45806824e-04   8.08379700e-05   8.95890189e-05
    6.66772394e-05   3.83001112e-04]
 [  4.89014375e-04   7.94723921e-04   9.84612167e-01   7.79923936e-03
    1.90272825e-04   1.29051594e-04   5.34542742e-05   6.36466197e-04
    8.16842876e-05   9.40438651e-04   3.01810069e-04   6.98017073e-04
    1.00450066e-03   2.26937397e-03]
 [  7.43165389e-02   1.83927119e-01   5.82326166e-02   1.69541556e-02
    2.45740972e-02   7.24593503e-03   6.72305003e-03   3.68961304e-01
    1.32006500e-02   1.60851236e-02   7.58710969e-03   1.90325622e-02
    8.15762132e-02   1.21583536e-01]
 [  1.41577038e-03   1.48152653e-02   3.31138596e-02   9.10433948e-01
    1.80933753e-03   3.25389527e-04   1.58395688e-03   1.40965451e-02
    2.55304967e-05   1.74727794e-02   8.24916584e-04   1.89995440e-03
    6.94342074e-04   1.48835022e-03]
 [  1.43322069e-02   2.06475228e-01   7.35555440e-02   3.45062792e-01
    4.57248576e-02   1.00176632e-02   2.29922719e-02   1.06080748e-01
    9.19159153e-04   9.22596678e-02   2.00955868e-02   1.59815215e-02
    1.94279123e-02   2.70749666e-02]
 [  1.31208569e-01   7.50557929e-02   4.71153595e-02   9.46360454e-02
    2.60975435e-02   3.04525159e-02   1.33706862e-02   1.63819119e-02
    2.51021609e-02   3.27006131e-02   3.15953940e-02   1.58367217e-01
    7.07247332e-02   2.47191474e-01]
 [  1.32685915e-01   4.24748585e-02   5.16553819e-01   9.92256552e-02
    6.38276525e-03   5.85517241e-03   9.12195630e-03   2.15587933e-02
    4.73043881e-03   7.22756758e-02   3.07868514e-03   1.54483551e-02
    1.94902979e-02   5.11175953e-02]
 [  1.33140758e-02   1.55687332e-02   3.97992646e-03   1.78346410e-03
    2.68694106e-02   3.12177092e-02   2.62856088e-03   7.84270987e-02
    1.58691276e-02   2.46607903e-02   2.65100542e-02   2.79780962e-02
    5.86639643e-01   1.44553214e-01]
 [  1.94474012e-01   8.96316618e-02   6.94781914e-03   7.14498339e-03
    2.02220842e-01   1.61761701e-01   6.25119880e-02   8.00671205e-02
    7.90238902e-02   4.91607795e-03   6.87699839e-02   1.41919509e-03
    1.01769660e-02   3.09337433e-02]
 [  9.98705506e-01   9.50314061e-05   4.00661287e-04   9.19330414e-05
    2.61166442e-05   8.67432100e-05   1.99235583e-05   1.03101513e-04
    6.78882934e-05   1.77594862e-04   1.64310368e-05   7.71149644e-05
    2.43341510e-05   1.07641354e-04]
 [  7.41754950e-04   3.72428843e-03   8.32618237e-01   1.52301550e-01
    3.06799659e-04   9.81884805e-05   1.46356921e-04   2.13747681e-03
    2.21867122e-05   4.64817369e-03   2.48141849e-04   1.24072807e-03
    5.43629983e-04   1.22242933e-03]
 [  8.02771188e-04   3.14962375e-03   9.92213609e-04   6.07688911e-04
    6.99779578e-03   2.33669858e-03   5.99779713e-04   6.49235852e-04
    2.98138708e-03   9.77229560e-04   3.63725573e-02   2.22413777e-03
    5.86324651e-03   9.35445547e-01]
 [  3.38475093e-06   1.76617675e-06   3.08555514e-01   1.27799658e-03
    9.42619494e-09   5.24152917e-08   2.70402256e-06   2.03235373e-07
    4.28673488e-08   6.90103769e-01   2.58439261e-08   1.57969989e-05
    3.60791892e-05   2.76544188e-06]
 [  3.61171737e-02   1.56234577e-01   2.01524235e-02   3.51006649e-02
    8.20111334e-02   4.53639813e-02   4.86814566e-02   2.86477536e-01
    1.23089310e-02   2.43287403e-02   9.48546901e-02   4.08128686e-02
    5.61167635e-02   6.14390299e-02]
 [  7.27055036e-03   4.18407917e-02   1.25030358e-03   1.62280519e-02
    5.89270234e-01   1.58622697e-01   1.00565203e-01   1.40358531e-03
    1.38918580e-02   1.86047622e-03   5.16967848e-02   7.67988968e-05
    2.22403090e-03   1.37985870e-02]
 [  9.99354303e-01   3.10266478e-05   2.95312348e-04   1.99234437e-05
    5.29428735e-06   1.21501162e-05   3.85019985e-06   6.68467474e-05
    9.45407828e-06   1.01790494e-04   2.96368080e-06   2.22926737e-05
    1.64741996e-05   5.84238805e-05]
 [  1.87156443e-02   7.80880302e-02   8.82719308e-02   1.24349482e-01
    1.68266632e-02   7.08038406e-03   8.17129761e-03   1.11350253e-01
    8.68835195e-04   4.38104659e-01   9.45385918e-03   3.12337354e-02
    3.95642966e-02   2.79209688e-02]
 [  9.97980058e-01   7.42655611e-05   1.11531431e-03   9.54676943e-05
    4.28847779e-05   8.71623997e-05   2.61092755e-05   1.33968089e-04
    5.45762123e-05   2.01146948e-04   8.81300184e-06   3.64783300e-05
    2.82247456e-05   1.15583578e-04]
 [  2.67647835e-03   8.84820402e-01   4.15482419e-03   9.59165860e-03
    4.14756499e-02   1.02746878e-02   2.38227602e-02   3.55150085e-03
    3.37577122e-03   1.89019716e-03   5.65713877e-03   5.27625496e-04
    4.86027170e-03   3.32097942e-03]
 [  9.98244286e-01   1.11325862e-04   4.22839221e-04   5.74015830e-05
    8.71070224e-05   2.31271930e-04   5.24832103e-05   1.75844427e-04
    1.42404780e-04   1.72052663e-04   4.17355004e-05   4.51560227e-05
    2.90631961e-05   1.87053549e-04]
 [  9.56485808e-01   2.83874106e-03   5.19817322e-03   1.64937936e-02
    1.76676360e-04   5.37208805e-04   1.26810963e-04   6.97375857e-04
    7.99333036e-04   7.44597171e-04   2.02759518e-04   1.40102943e-02
    2.33463594e-04   1.45506498e-03]
 [  5.90778794e-03   5.52703105e-02   6.20812103e-02   6.28639102e-01
    2.15769429e-02   4.50847577e-03   2.06083115e-02   6.86279610e-02
    6.88124215e-04   6.26543984e-02   1.54793523e-02   2.90978886e-02
    1.05178589e-02   1.43422373e-02]
 [  8.05476010e-01   2.25023180e-02   7.27295950e-02   1.96300484e-02
    3.28855193e-03   5.96872810e-03   1.80916069e-03   1.32301282e-02
    3.53439036e-03   1.32300518e-02   1.86052313e-03   8.28368403e-03
    6.57372084e-03   2.18830574e-02]
 [  3.60925740e-04   1.55834726e-03   8.42913628e-01   1.51288971e-01
    1.13078851e-04   3.62126921e-05   6.89623994e-05   6.16474950e-04
    4.57681153e-06   2.22663651e-03   7.84498843e-05   3.07282287e-04
    1.38675852e-04   2.87745759e-04]
 [  1.15045989e-02   9.85430628e-02   2.13298291e-01   4.45888013e-01
    1.06311329e-02   2.39682687e-03   5.32721402e-03   9.91665050e-02
    2.42554597e-04   7.18461648e-02   5.93341980e-03   1.45077715e-02
    8.59145448e-03   1.21229310e-02]
 [  1.34874890e-02   1.63793072e-01   2.48083584e-02   3.07593912e-01
    1.92140024e-02   4.99135163e-03   1.57828964e-02   3.72393876e-01
    7.09795044e-04   2.60084458e-02   1.18964743e-02   1.36977956e-02
    1.02471421e-02   1.53753245e-02]
 [  4.63172905e-02   1.29283100e-01   3.05010211e-02   4.56132777e-02
    1.35683894e-01   1.34629086e-01   3.38142887e-02   5.72043750e-03
    4.77623157e-02   2.20176820e-02   6.30250871e-02   6.55093603e-03
    6.03644215e-02   2.38717213e-01]
 [  4.66215350e-02   1.07977875e-01   4.02706973e-02   1.29920065e-01
    5.65649085e-02   3.38356383e-02   3.46584581e-02   1.07617766e-01
    1.00417715e-02   4.53783683e-02   6.33999407e-02   1.05149932e-01
    7.86084384e-02   1.39954656e-01]
 [  1.17725646e-03   5.34005975e-03   8.48647847e-04   8.44743685e-04
    6.80691376e-03   1.34884594e-02   1.07253809e-03   2.88156979e-02
    1.50639238e-03   4.81918275e-01   7.70728802e-03   4.27156202e-02
    2.63306916e-01   1.44451275e-01]
 [  1.56776831e-02   1.98418409e-01   7.05595016e-02   2.87317723e-01
    2.54001468e-02   5.25974855e-03   1.52204791e-02   2.60059118e-01
    3.86605156e-04   6.01956658e-02   1.39390929e-02   1.68076325e-02
    1.47601105e-02   1.59981102e-02]
 [  5.89477271e-02   1.11335635e-01   2.60447152e-02   4.57174033e-02
    3.17952931e-02   3.40816490e-02   2.04045102e-02   9.51184630e-02
    1.55665884e-02   3.32016535e-02   4.08992656e-02   2.39803106e-01
    1.35539919e-01   1.11543998e-01]
 [  8.80035944e-03   8.81740928e-01   1.34772796e-04   3.64939595e-04
    2.38069566e-03   1.79416239e-02   9.65741114e-04   3.78289558e-02
    1.68738549e-03   2.66673334e-04   4.27834764e-02   1.26693689e-04
    1.66047341e-03   3.31729255e-03]
 [  9.54327881e-01   6.58841990e-03   1.18425088e-02   4.93157981e-03
    1.24279514e-03   2.79597705e-03   4.69137100e-04   4.24413336e-03
    1.46495027e-03   2.17135251e-03   6.78380951e-04   2.86695617e-03
    1.28615554e-03   5.08984504e-03]
 [  1.82769599e-03   2.81479233e-03   4.07116022e-03   8.37128609e-04
    3.75101669e-03   2.69487477e-03   3.63725005e-04   1.39503945e-02
    1.59679528e-03   2.61166040e-02   3.45228310e-03   2.75327582e-02
    5.59747219e-01   3.51243585e-01]
 [  8.40655062e-03   1.31717935e-01   4.67705168e-02   3.15684170e-01
    3.68949361e-02   1.38095338e-02   2.77957302e-02   1.10698268e-01
    1.25306693e-03   1.13046013e-01   3.53860073e-02   5.31253107e-02
    4.73245382e-02   5.80873489e-02]
 [  9.97687101e-01   1.56491253e-04   6.36633544e-04   1.78527160e-04
    5.86980495e-05   1.81322306e-04   4.22257945e-05   1.76096757e-04
    1.50379827e-04   3.03356093e-04   3.71755341e-05   1.57375485e-04
    4.22258745e-05   1.92475607e-04]
 [  4.51753549e-02   3.01844180e-01   1.03208199e-02   3.37000154e-02
    1.34727806e-01   9.95055586e-02   6.11089692e-02   1.13730639e-01
    2.44558007e-02   1.06977690e-02   9.31268707e-02   4.79750382e-03
    2.45906170e-02   4.22179513e-02]
 [  1.39836548e-02   1.60194412e-01   9.37152654e-02   3.86060148e-01
    2.04283055e-02   4.42472612e-03   1.14567168e-02   1.62845567e-01
    3.27667920e-04   8.97757858e-02   1.00369444e-02   1.87548473e-02
    1.29771298e-02   1.50188170e-02]
 [  7.53019424e-03   5.95197082e-02   9.21990201e-02   4.20447975e-01
    9.67152324e-03   2.81346589e-03   5.28579345e-03   1.15838781e-01
    1.66309575e-04   2.31584013e-01   5.62171498e-03   2.26443950e-02
    1.32371914e-02   1.34399962e-02]
 [  1.04956562e-03   1.15944771e-02   3.20201106e-02   9.23690021e-01
    9.54446266e-04   1.58185518e-04   9.28617141e-04   1.26536591e-02
    1.00736524e-05   1.36681423e-02   4.09686210e-04   1.66001590e-03
    4.32504050e-04   7.70422805e-04]
 [  2.60077650e-04   4.26598499e-03   1.59260593e-02   9.74004865e-01
    4.44459671e-04   5.76382918e-05   6.79562625e-04   1.73378887e-03
    5.02619650e-06   1.93297537e-03   1.58352646e-04   2.11469058e-04
    7.27527586e-05   2.47028744e-04]
 [  7.61318719e-03   1.25282407e-01   2.63005253e-02   4.64424282e-01
    3.53565514e-02   8.24620854e-03   3.86438072e-02   1.96389288e-01
    7.04242324e-04   3.41180600e-02   2.32162569e-02   1.41617628e-02
    1.09531712e-02   1.45901954e-02]
 [  3.00020911e-02   2.06233397e-01   5.82119711e-02   5.15438139e-01
    3.38359363e-02   7.94645958e-03   2.28466149e-02   6.01312816e-02
    7.82658521e-04   2.66057588e-02   1.17152547e-02   4.17303061e-03
    6.20081369e-03   1.58766303e-02]
 [  9.72223934e-03   9.71666351e-02   3.66980843e-02   5.45357287e-01
    2.36311723e-02   4.49316669e-03   1.49899507e-02   1.63934126e-01
    3.74542695e-04   6.01357669e-02   1.12479646e-02   1.12044876e-02
    7.88454246e-03   1.31600546e-02]
 [  1.22225732e-02   1.05465829e-01   7.59932697e-02   2.95620918e-01
    2.92217173e-02   6.85728900e-03   1.13879852e-02   2.70099521e-01
    6.08403992e-04   1.32973388e-01   1.23522319e-02   1.72291845e-02
    1.34790484e-02   1.64886843e-02]
 [  1.01113860e-02   6.01278022e-02   8.36448148e-02   5.80592155e-01
    1.84115600e-02   4.66252211e-03   1.29707120e-02   3.58277075e-02
    4.43935045e-04   1.26070306e-01   8.62644054e-03   2.04842743e-02
    1.66193731e-02   2.14070138e-02]
 [  2.14644168e-02   1.19370848e-01   4.93732616e-02   1.36315629e-01
    3.63878459e-02   1.38457743e-02   1.66067537e-02   2.12856844e-01
    1.80774019e-03   2.01070160e-01   2.49528717e-02   5.84488958e-02
    5.87455444e-02   4.87534814e-02]
 [  9.98069108e-01   8.02440700e-05   7.93113199e-04   1.00816913e-04
    5.00569986e-05   1.34746966e-04   3.03995821e-05   1.03224847e-04
    8.51210862e-05   2.21254391e-04   1.84173841e-05   8.59024949e-05
    3.44872751e-05   1.93063053e-04]
 [  1.03743840e-02   1.06360182e-01   9.08860266e-02   4.89363074e-01
    1.32160252e-02   2.54115951e-03   6.74558571e-03   1.63631603e-01
    1.81280047e-04   8.24176073e-02   5.60121099e-03   1.19523043e-02
    7.32871890e-03   9.40087065e-03]
 [  8.75389669e-03   3.56914811e-02   5.67323938e-02   6.06601276e-02
    7.21153477e-03   3.47928284e-03   3.08473827e-03   1.08507656e-01
    4.11773100e-04   6.28543139e-01   5.31671429e-03   2.44755521e-02
    4.17370610e-02   1.53946411e-02]
 [  9.99092817e-01   1.59810170e-05   4.82275296e-04   2.09916489e-05
    7.86709552e-06   1.88453469e-05   5.85785938e-06   3.23898566e-05
    1.23226200e-05   1.67801045e-04   3.02338981e-06   3.46572378e-05
    2.04132648e-05   8.48297495e-05]
 [  1.01505895e-03   6.73350063e-04   4.56421665e-04   1.57170580e-04
    2.27551465e-03   6.91288151e-04   4.96363675e-04   5.38996495e-02
    4.05203493e-04   7.47341394e-01   2.82757380e-03   3.96314455e-04
    1.88295066e-01   1.06952258e-03]
 [  3.46625715e-01   6.29931539e-02   2.64324158e-01   1.40431255e-01
    2.05830242e-02   1.40427202e-02   1.83227491e-02   2.38331947e-02
    6.35414384e-03   3.72540317e-02   5.17795188e-03   1.51752373e-02
    1.11267436e-02   3.37558687e-02]
 [  2.51299120e-04   6.73649758e-02   7.62075142e-05   7.53040472e-03
    5.91273785e-01   4.32991050e-02   1.75719634e-01   2.38917928e-04
    8.18788912e-03   3.77925404e-04   8.22105110e-02   3.99274213e-05
    1.75126898e-03   2.16781832e-02]
 [  3.40843312e-02   3.92247997e-02   5.51411033e-01   2.04578787e-01
    7.95943104e-03   2.97564641e-03   1.13133183e-02   1.30329477e-02
    9.69230954e-04   9.73020494e-02   2.69110035e-03   8.39821622e-03
    7.47155165e-03   1.85875688e-02]
 [  1.73095912e-02   1.01537546e-02   9.19457078e-02   2.76055634e-02
    1.50814175e-03   1.60466449e-03   2.74217781e-03   9.10438783e-03
    1.77139428e-03   7.28249669e-01   2.35810829e-03   3.79685918e-03
    8.42121616e-02   1.76378489e-02]
 [  2.44633574e-02   3.48391294e-01   8.46007988e-02   1.52907997e-01
    6.69624507e-02   1.06977317e-02   2.72201728e-02   1.83231533e-01
    1.06123509e-03   3.57574411e-02   2.65140515e-02   5.55804092e-03
    1.27977002e-02   1.98362079e-02]
 [  8.80035944e-03   8.81740928e-01   1.34772796e-04   3.64939595e-04
    2.38069566e-03   1.79416239e-02   9.65741114e-04   3.78289558e-02
    1.68738549e-03   2.66673334e-04   4.27834764e-02   1.26693689e-04
    1.66047341e-03   3.31729255e-03]
 [  7.01216422e-03   9.12785754e-02   1.05701528e-01   7.04807043e-01
    1.11654364e-02   2.12886650e-03   9.78372712e-03   3.16929072e-02
    1.66192054e-04   1.67512875e-02   6.03270670e-03   4.46518650e-03
    3.35257920e-03   5.66171156e-03]
 [  9.99278247e-01   3.25606779e-05   2.83107045e-04   3.18552848e-05
    1.27134617e-05   3.90966306e-05   9.80716504e-06   4.19746139e-05
    2.74292761e-05   1.10649991e-04   6.32718866e-06   3.64374828e-05
    1.54638074e-05   7.43128912e-05]
 [  1.59104858e-02   3.20477225e-03   3.45520750e-02   2.56991014e-02
    5.03806979e-04   8.28600372e-04   4.20795986e-04   9.25835129e-03
    3.34513548e-04   4.15110409e-01   8.39344051e-04   4.18169707e-01
    5.90952709e-02   1.60727594e-02]
 [  1.52485240e-02   3.15100923e-02   5.57362335e-03   2.68440694e-03
    1.11513011e-01   9.22791958e-02   9.93816461e-03   3.64428051e-02
    4.60225195e-02   1.65514369e-02   6.83293343e-02   5.77700790e-03
    3.82712990e-01   1.75416812e-01]
 [  5.84581634e-04   6.05579698e-03   2.96663609e-03   1.77421104e-02
    7.13788497e-04   2.04874334e-04   3.13566998e-04   9.55958903e-01
    8.20771493e-06   5.04592480e-03   4.00306657e-04   8.12810287e-03
    1.38665712e-03   4.90615901e-04]
 [  2.08663549e-02   2.08710413e-02   5.40265441e-02   1.64720342e-02
    3.14204209e-02   2.39218120e-02   7.59688625e-03   2.53159143e-02
    9.62763466e-03   1.31103143e-01   1.91501379e-02   1.80320125e-02
    3.71523887e-01   2.50072241e-01]
 [  9.98705506e-01   9.50314061e-05   4.00661287e-04   9.19330414e-05
    2.61166442e-05   8.67432100e-05   1.99235583e-05   1.03101513e-04
    6.78882934e-05   1.77594862e-04   1.64310368e-05   7.71149644e-05
    2.43341510e-05   1.07641354e-04]
 [  3.21323760e-02   1.34362191e-01   1.65171530e-02   3.49414200e-02
    7.90778100e-02   6.56923205e-02   4.04599719e-02   4.21304703e-02
    3.36372554e-02   1.25213563e-02   2.60394335e-01   1.51279941e-02
    3.38109359e-02   1.99194342e-01]]
[[ 0.  0.  0.  0.  0.  0.  0.  1.  0.  0.  0.  0.  0.  0.]
 [ 1.  0.  0.  0.  0.  0.  0.  0.  0.  0.  0.  0.  0.  0.]
 [ 0.  0.  0.  0.  0.  0.  0.  0.  0.  0.  0.  0.  1.  0.]
 [ 0.  0.  0.  0.  0.  0.  0.  0.  0.  0.  0.  1.  0.  0.]
 [ 0.  0.  0.  0.  0.  0.  0.  1.  0.  0.  0.  0.  0.  0.]
 [ 0.  0.  0.  0.  0.  0.  0.  0.  0.  0.  0.  1.  0.  0.]
 [ 0.  0.  0.  0.  0.  0.  0.  0.  0.  0.  1.  0.  0.  0.]
 [ 0.  0.  0.  0.  0.  0.  0.  0.  0.  0.  0.  0.  0.  1.]
 [ 0.  0.  0.  0.  0.  0.  0.  0.  0.  0.  0.  1.  0.  0.]
 [ 0.  0.  0.  0.  0.  1.  0.  0.  0.  0.  0.  0.  0.  0.]
 [ 0.  1.  0.  0.  0.  0.  0.  0.  0.  0.  0.  0.  0.  0.]
 [ 0.  0.  1.  0.  0.  0.  0.  0.  0.  0.  0.  0.  0.  0.]
 [ 0.  0.  0.  0.  0.  0.  0.  0.  0.  0.  0.  0.  0.  1.]
 [ 0.  0.  1.  0.  0.  0.  0.  0.  0.  0.  0.  0.  0.  0.]
 [ 0.  0.  0.  0.  0.  0.  0.  1.  0.  0.  0.  0.  0.  0.]
 [ 0.  0.  0.  0.  0.  0.  0.  0.  0.  0.  0.  0.  0.  1.]
 [ 1.  0.  0.  0.  0.  0.  0.  0.  0.  0.  0.  0.  0.  0.]
 [ 0.  0.  0.  1.  0.  0.  0.  0.  0.  0.  0.  0.  0.  0.]
 [ 0.  0.  1.  0.  0.  0.  0.  0.  0.  0.  0.  0.  0.  0.]
 [ 0.  0.  0.  0.  0.  0.  0.  1.  0.  0.  0.  0.  0.  0.]
 [ 0.  0.  1.  0.  0.  0.  0.  0.  0.  0.  0.  0.  0.  0.]
 [ 0.  0.  1.  0.  0.  0.  0.  0.  0.  0.  0.  0.  0.  0.]
 [ 1.  0.  0.  0.  0.  0.  0.  0.  0.  0.  0.  0.  0.  0.]
 [ 1.  0.  0.  0.  0.  0.  0.  0.  0.  0.  0.  0.  0.  0.]
 [ 0.  0.  0.  0.  0.  0.  0.  0.  0.  1.  0.  0.  0.  0.]
 [ 0.  0.  0.  1.  0.  0.  0.  0.  0.  0.  0.  0.  0.  0.]
 [ 0.  0.  0.  0.  0.  0.  0.  1.  0.  0.  0.  0.  0.  0.]
 [ 0.  0.  0.  0.  0.  0.  0.  0.  0.  0.  1.  0.  0.  0.]
 [ 0.  0.  0.  0.  0.  0.  0.  0.  0.  0.  0.  0.  1.  0.]
 [ 0.  0.  0.  0.  0.  0.  0.  0.  0.  0.  0.  0.  0.  1.]
 [ 0.  0.  0.  0.  0.  0.  0.  1.  0.  0.  0.  0.  0.  0.]
 [ 0.  0.  0.  1.  0.  0.  0.  0.  0.  0.  0.  0.  0.  0.]
 [ 0.  1.  0.  0.  0.  0.  0.  0.  0.  0.  0.  0.  0.  0.]
 [ 0.  0.  0.  0.  0.  0.  0.  1.  0.  0.  0.  0.  0.  0.]
 [ 1.  0.  0.  0.  0.  0.  0.  0.  0.  0.  0.  0.  0.  0.]
 [ 0.  0.  1.  0.  0.  0.  0.  0.  0.  0.  0.  0.  0.  0.]
 [ 0.  0.  1.  0.  0.  0.  0.  0.  0.  0.  0.  0.  0.  0.]
 [ 0.  0.  0.  1.  0.  0.  0.  0.  0.  0.  0.  0.  0.  0.]
 [ 0.  0.  0.  0.  0.  0.  1.  0.  0.  0.  0.  0.  0.  0.]
 [ 0.  0.  0.  0.  0.  0.  0.  0.  0.  0.  0.  0.  1.  0.]
 [ 0.  0.  0.  0.  1.  0.  0.  0.  0.  0.  0.  0.  0.  0.]
 [ 0.  0.  0.  0.  0.  0.  0.  0.  0.  0.  0.  0.  1.  0.]
 [ 1.  0.  0.  0.  0.  0.  0.  0.  0.  0.  0.  0.  0.  0.]
 [ 1.  0.  0.  0.  0.  0.  0.  0.  0.  0.  0.  0.  0.  0.]
 [ 0.  0.  1.  0.  0.  0.  0.  0.  0.  0.  0.  0.  0.  0.]
 [ 0.  0.  0.  0.  0.  0.  0.  0.  0.  0.  0.  0.  0.  1.]
 [ 0.  0.  0.  0.  0.  0.  0.  0.  0.  0.  0.  1.  0.  0.]
 [ 0.  0.  0.  0.  0.  0.  0.  0.  0.  0.  1.  0.  0.  0.]
 [ 0.  0.  0.  1.  0.  0.  0.  0.  0.  0.  0.  0.  0.  0.]
 [ 1.  0.  0.  0.  0.  0.  0.  0.  0.  0.  0.  0.  0.  0.]
 [ 0.  0.  0.  0.  0.  0.  0.  0.  0.  1.  0.  0.  0.  0.]
 [ 1.  0.  0.  0.  0.  0.  0.  0.  0.  0.  0.  0.  0.  0.]
 [ 0.  1.  0.  0.  0.  0.  0.  0.  0.  0.  0.  0.  0.  0.]
 [ 1.  0.  0.  0.  0.  0.  0.  0.  0.  0.  0.  0.  0.  0.]
 [ 0.  0.  0.  0.  0.  0.  0.  0.  0.  0.  0.  1.  0.  0.]
 [ 0.  0.  0.  1.  0.  0.  0.  0.  0.  0.  0.  0.  0.  0.]
 [ 1.  0.  0.  0.  0.  0.  0.  0.  0.  0.  0.  0.  0.  0.]
 [ 0.  0.  1.  0.  0.  0.  0.  0.  0.  0.  0.  0.  0.  0.]
 [ 0.  0.  1.  0.  0.  0.  0.  0.  0.  0.  0.  0.  0.  0.]
 [ 0.  0.  0.  1.  0.  0.  0.  0.  0.  0.  0.  0.  0.  0.]
 [ 0.  0.  0.  0.  0.  0.  0.  0.  0.  0.  0.  1.  0.  0.]
 [ 0.  0.  0.  0.  0.  0.  0.  0.  0.  0.  0.  0.  0.  1.]
 [ 0.  0.  0.  0.  0.  0.  0.  0.  0.  0.  0.  0.  0.  1.]
 [ 0.  0.  0.  0.  0.  0.  1.  0.  0.  0.  0.  0.  0.  0.]
 [ 0.  0.  0.  0.  1.  0.  0.  0.  0.  0.  0.  0.  0.  0.]
 [ 0.  1.  0.  0.  0.  0.  0.  0.  0.  0.  0.  0.  0.  0.]
 [ 1.  0.  0.  0.  0.  0.  0.  0.  0.  0.  0.  0.  0.  0.]
 [ 0.  0.  0.  0.  0.  0.  0.  0.  0.  1.  0.  0.  0.  0.]
 [ 0.  0.  0.  0.  0.  0.  0.  0.  0.  0.  1.  0.  0.  0.]
 [ 1.  0.  0.  0.  0.  0.  0.  0.  0.  0.  0.  0.  0.  0.]
 [ 0.  0.  0.  0.  0.  0.  0.  0.  0.  0.  0.  0.  0.  1.]
 [ 0.  0.  1.  0.  0.  0.  0.  0.  0.  0.  0.  0.  0.  0.]
 [ 0.  0.  0.  0.  0.  0.  0.  0.  0.  0.  1.  0.  0.  0.]
 [ 0.  0.  0.  1.  0.  0.  0.  0.  0.  0.  0.  0.  0.  0.]
 [ 0.  0.  0.  1.  0.  0.  0.  0.  0.  0.  0.  0.  0.  0.]
 [ 0.  0.  0.  0.  0.  0.  1.  0.  0.  0.  0.  0.  0.  0.]
 [ 0.  0.  0.  0.  0.  0.  0.  0.  0.  1.  0.  0.  0.  0.]
 [ 0.  0.  0.  1.  0.  0.  0.  0.  0.  0.  0.  0.  0.  0.]
 [ 0.  0.  0.  1.  0.  0.  0.  0.  0.  0.  0.  0.  0.  0.]
 [ 0.  0.  0.  0.  0.  0.  0.  0.  0.  0.  0.  0.  0.  1.]
 [ 0.  0.  0.  0.  0.  0.  0.  0.  0.  0.  0.  1.  0.  0.]
 [ 1.  0.  0.  0.  0.  0.  0.  0.  0.  0.  0.  0.  0.  0.]
 [ 0.  1.  0.  0.  0.  0.  0.  0.  0.  0.  0.  0.  0.  0.]
 [ 0.  0.  0.  0.  0.  0.  0.  0.  0.  1.  0.  0.  0.  0.]
 [ 1.  0.  0.  0.  0.  0.  0.  0.  0.  0.  0.  0.  0.  0.]
 [ 0.  0.  0.  0.  0.  1.  0.  0.  0.  0.  0.  0.  0.  0.]
 [ 0.  0.  1.  0.  0.  0.  0.  0.  0.  0.  0.  0.  0.  0.]
 [ 0.  0.  0.  0.  0.  0.  0.  0.  0.  0.  0.  0.  0.  1.]
 [ 0.  0.  1.  0.  0.  0.  0.  0.  0.  0.  0.  0.  0.  0.]
 [ 0.  0.  0.  0.  0.  0.  0.  0.  0.  0.  0.  1.  0.  0.]
 [ 0.  0.  0.  0.  1.  0.  0.  0.  0.  0.  0.  0.  0.  0.]
 [ 0.  1.  0.  0.  0.  0.  0.  0.  0.  0.  0.  0.  0.  0.]
 [ 0.  0.  0.  0.  0.  0.  0.  1.  0.  0.  0.  0.  0.  0.]
 [ 1.  0.  0.  0.  0.  0.  0.  0.  0.  0.  0.  0.  0.  0.]
 [ 0.  0.  0.  0.  0.  0.  0.  0.  0.  0.  0.  1.  0.  0.]
 [ 0.  0.  0.  0.  0.  0.  0.  0.  0.  1.  0.  0.  0.  0.]
 [ 0.  0.  0.  0.  0.  0.  0.  0.  0.  0.  0.  1.  0.  0.]
 [ 0.  0.  1.  0.  0.  0.  0.  0.  0.  0.  0.  0.  0.  0.]
 [ 1.  0.  0.  0.  0.  0.  0.  0.  0.  0.  0.  0.  0.  0.]
 [ 0.  0.  1.  0.  0.  0.  0.  0.  0.  0.  0.  0.  0.  0.]]
2000/2000 [==============================] - 28s     
1.69165247059 0.503
[ 7  0 12 11  7 11 10 13 11  5  1  2 13  2  7 13  0  3  2  7  2  2  0  0  9
  3  7 10 12 13  7  3  1  7  0  2  2  3  6 12  4 12  0  0  2 13 11 10  3  0
  9  0  1  0 11  3  0  2  2  3 11 13 13  6  4  1  0  9 10  0 13  2 10  3  3
  6  9  3  3 13 11  0  1  9  0  5  2 13  2 11  4  1  7  0 11  9 11  2  0  2]
[ 7  0 12  7  7 11 13 13  0 12  1  2 13  3  3 12  0  3  2  7  3  9  7  0 13
  3  7  3 12  4  7  3  1  7  0  2  7  3  3 13  2 12  4  0  2 13  9  7  4  0
  9  0  1  0  0  3  0  2  3  7 13 13  9  3 11  1  0 12  3  0  1  3  3  3  3
  3  3  3  3  3  7  0  3  9  0  9  0  4  2  9  1  1  3  0 11 12  7 12  0 10]
[[275  12   5  15   1   2   0  14   0   0   0   2   1   4]
 [ 11  37   1  32   1   0   0  12   0   2   0   0   0   0]
 [ 14  17 113 100   3   0   0  18   0   4   2   1   2   3]
 [ 11  12   8 148   4   0   1  26   0  11   4   4   2   5]
 [  1   4   1   8   1   0   0   6   0   0   0   3   0   0]
 [  0   0   1   6   1   1   0   4   0   2   1   0   2   1]
 [  1   5   0  19   2   0   7   9   0   2   0   0   0   1]
 [ 10   8   2  35   1   0   0 138   0   2   2   2   5   0]
 [  1   0   0   0   0   0   0   1   0   0   0   1   0   0]
 [ 12   8   7  28   2   0   1  29   0  76   0  15  13  18]
 [  1   6   0   8   0   0   0  14   0   1  19   2   1   6]
 [ 11   4   3  17   1   0   1  50   0  24   0  92  14  14]
 [  4   5   2   6   5   0   0  18   0  16   0   3  22  28]
 [  1   4   1   7   4   2   1  10   0  21   6   5  17  77]]

